c:\users\user\desktop\mugen_brawl\debug\mugen_brawl.pch
c:\users\user\desktop\mugen_brawl\debug\vc141.pdb
c:\users\user\desktop\mugen_brawl\debug\vc141.idb
c:\users\user\desktop\mugen_brawl\debug\dxut.obj
c:\users\user\desktop\mugen_brawl\debug\ctestscene.obj
c:\users\user\desktop\mugen_brawl\debug\cloadingscene.obj
c:\users\user\desktop\mugen_brawl\debug\ceditorscene.obj
c:\users\user\desktop\mugen_brawl\debug\cobjectmanager.obj
c:\users\user\desktop\mugen_brawl\debug\cobject.obj
c:\users\user\desktop\mugen_brawl\debug\cmsgprochandler.obj
c:\users\user\desktop\mugen_brawl\debug\cinputmanager.obj
c:\users\user\desktop\mugen_brawl\debug\ccameramanager.obj
c:\users\user\desktop\mugen_brawl\debug\ceditorspritepanel.obj
c:\users\user\desktop\mugen_brawl\debug\ceditorpanel.obj
c:\users\user\desktop\mugen_brawl\debug\ceditorcharacterpanel.obj
c:\users\user\desktop\mugen_brawl\debug\cscrollview.obj
c:\users\user\desktop\mugen_brawl\debug\cinputfield.obj
c:\users\user\desktop\mugen_brawl\debug\cgui.obj
c:\users\user\desktop\mugen_brawl\debug\cdropdown.obj
c:\users\user\desktop\mugen_brawl\debug\cbutton.obj
c:\users\user\desktop\mugen_brawl\debug\ccharacterdata.obj
c:\users\user\desktop\mugen_brawl\debug\ctestchar.obj
c:\users\user\desktop\mugen_brawl\debug\ccharacter.obj
c:\users\user\desktop\mugen_brawl\debug\ccomponent.obj
c:\users\user\desktop\mugen_brawl\debug\main.obj
c:\users\user\desktop\mugen_brawl\debug\log.obj
c:\users\user\desktop\mugen_brawl\debug\input_queue.obj
c:\users\user\desktop\mugen_brawl\debug\game_input.obj
c:\users\user\desktop\mugen_brawl\debug\bitvector.obj
c:\users\user\desktop\mugen_brawl\debug\synctest.obj
c:\users\user\desktop\mugen_brawl\debug\spectator.obj
c:\users\user\desktop\mugen_brawl\debug\p2p.obj
c:\users\user\desktop\mugen_brawl\debug\sdkmisc.obj
c:\users\user\desktop\mugen_brawl\debug\sdkmesh.obj
c:\users\user\desktop\mugen_brawl\debug\dxutsettingsdlg.obj
c:\users\user\desktop\mugen_brawl\debug\dxutres.obj
c:\users\user\desktop\mugen_brawl\debug\dxutgui.obj
c:\users\user\desktop\mugen_brawl\debug\dxutcamera.obj
c:\users\user\desktop\mugen_brawl\debug\dxutmisc.obj
c:\users\user\desktop\mugen_brawl\debug\dxutenum.obj
c:\users\user\desktop\mugen_brawl\debug\utility.obj
c:\users\user\desktop\mugen_brawl\debug\serializer.obj
c:\users\user\desktop\mugen_brawl\debug\serializedstring.obj
c:\users\user\desktop\mugen_brawl\debug\serialized.obj
c:\users\user\desktop\mugen_brawl\debug\mugen_brawl.obj
c:\users\user\desktop\mugen_brawl\debug\cscenemanager.obj
c:\users\user\desktop\mugen_brawl\debug\cscene.obj
c:\users\user\desktop\mugen_brawl\debug\cimagemanager.obj
c:\users\user\desktop\mugen_brawl\debug\cmaingame.obj
c:\users\user\desktop\mugen_brawl\debug\timesync.obj
c:\users\user\desktop\mugen_brawl\debug\sync.obj
c:\users\user\desktop\mugen_brawl\debug\poll.obj
c:\users\user\desktop\mugen_brawl\debug\platform_windows.obj
c:\users\user\desktop\mugen_brawl\debug\platform_linux.obj
c:\users\user\desktop\mugen_brawl\debug\udp_proto.obj
c:\users\user\desktop\mugen_brawl\debug\udp.obj
c:\users\user\desktop\mugen_brawl\debug\mugen_brawl.res
c:\users\user\desktop\mugen_brawl\debug\mugen_brawl.tlog\cl.command.1.tlog
c:\users\user\desktop\mugen_brawl\debug\mugen_brawl.tlog\cl.read.1.tlog
c:\users\user\desktop\mugen_brawl\debug\mugen_brawl.tlog\cl.write.1.tlog
c:\users\user\desktop\mugen_brawl\debug\mugen_brawl.tlog\link.command.1.tlog
c:\users\user\desktop\mugen_brawl\debug\mugen_brawl.tlog\link.read.1.tlog
c:\users\user\desktop\mugen_brawl\debug\mugen_brawl.tlog\link.write.1.tlog
c:\users\user\desktop\mugen_brawl\debug\mugen_brawl.tlog\rc.command.1.tlog
c:\users\user\desktop\mugen_brawl\debug\mugen_brawl.tlog\rc.read.1.tlog
c:\users\user\desktop\mugen_brawl\debug\mugen_brawl.tlog\rc.write.1.tlog
